2014-12-16 10:56:00.754 HelloCordova[7040:339252] DiskCookieStorage changing policy from 2 to 0, cookie file: file:///Users/matsushitasei/Library/Developer/CoreSimulator/Devices/0E214749-5C93-4AC4-B1F2-199CB040AA3E/data/Containers/Data/Application/9EBB976E-F860-47C5-BD5E-1482649486A4/Library/Cookies/Cookies.binarycookies
2014-12-16 10:56:02.452 HelloCordova[7040:339252] Apache Cordova native platform version 3.7.0 is starting.
2014-12-16 10:56:02.453 HelloCordova[7040:339252] Multi-tasking -> Device: YES, App: YES
2014-12-16 10:56:02.486 HelloCordova[7040:339252] Unlimited access to network resources
2014-12-16 10:56:02.496 HelloCordova[7040:339252] 

Started backup to iCloud! Please be careful.
Your application might be rejected by Apple if you store too much data.
For more information please read "iOS Data Storage Guidelines" at:
https://developer.apple.com/icloud/documentation/data-storage/
To disable web storage backup to iCloud, set the BackupWebStorage preference to "local" in the Cordova config.xml file

2014-12-16 10:56:04.389 HelloCordova[7040:339252] Resetting plugins due to page load.
2014-12-16 10:56:04.968 HelloCordova[7040:339252] Finished load of: file:///Users/matsushitasei/Library/Developer/CoreSimulator/Devices/0E214749-5C93-4AC4-B1F2-199CB040AA3E/data/Containers/Bundle/Application/02C54C93-FD00-47FE-98F9-7CF951FA4D5A/HelloCordova.app/www/index.html
2014-12-17 19:12:01.817 HelloCordova[3240:234510] DiskCookieStorage changing policy from 2 to 0, cookie file: file:///Users/matsushitasei/Library/Developer/CoreSimulator/Devices/0E214749-5C93-4AC4-B1F2-199CB040AA3E/data/Containers/Data/Application/BAF3D9B8-3A61-49FC-B02B-C5E94F8467E8/Library/Cookies/Cookies.binarycookies
2014-12-17 19:12:02.262 HelloCordova[3240:234510] Apache Cordova native platform version 3.7.0 is starting.
2014-12-17 19:12:02.263 HelloCordova[3240:234510] Multi-tasking -> Device: YES, App: YES
2014-12-17 19:12:02.285 HelloCordova[3240:234510] Unlimited access to network resources
2014-12-17 19:12:02.305 HelloCordova[3240:234510] 

Started backup to iCloud! Please be careful.
Your application might be rejected by Apple if you store too much data.
For more information please read "iOS Data Storage Guidelines" at:
https://developer.apple.com/icloud/documentation/data-storage/
To disable web storage backup to iCloud, set the BackupWebStorage preference to "local" in the Cordova config.xml file

2014-12-17 19:12:04.310 HelloCordova[3240:234510] Resetting plugins due to page load.
2014-12-17 19:12:04.756 HelloCordova[3240:234510] Finished load of: file:///Users/matsushitasei/Library/Developer/CoreSimulator/Devices/0E214749-5C93-4AC4-B1F2-199CB040AA3E/data/Containers/Bundle/Application/ECF7EB19-2BE2-47C3-BDE7-23649BFCF34C/HelloCordova.app/www/index.html
2014-12-17 19:13:30.725 HelloCordova[3397:235676] DiskCookieStorage changing policy from 2 to 0, cookie file: file:///Users/matsushitasei/Library/Developer/CoreSimulator/Devices/0E214749-5C93-4AC4-B1F2-199CB040AA3E/data/Containers/Data/Application/D9BEB995-1889-4056-95F9-48E99CBA0E1B/Library/Cookies/Cookies.binarycookies
2014-12-17 19:13:30.867 HelloCordova[3397:235676] Apache Cordova native platform version 3.7.0 is starting.
2014-12-17 19:13:30.867 HelloCordova[3397:235676] Multi-tasking -> Device: YES, App: YES
2014-12-17 19:13:30.869 HelloCordova[3397:235676] Unlimited access to network resources
2014-12-17 19:13:30.872 HelloCordova[3397:235676] 

Started backup to iCloud! Please be careful.
Your application might be rejected by Apple if you store too much data.
For more information please read "iOS Data Storage Guidelines" at:
https://developer.apple.com/icloud/documentation/data-storage/
To disable web storage backup to iCloud, set the BackupWebStorage preference to "local" in the Cordova config.xml file

2014-12-17 19:13:31.189 HelloCordova[3397:235676] Resetting plugins due to page load.
2014-12-17 19:13:31.300 HelloCordova[3397:235676] Finished load of: file:///Users/matsushitasei/Library/Developer/CoreSimulator/Devices/0E214749-5C93-4AC4-B1F2-199CB040AA3E/data/Containers/Bundle/Application/7F6FEE89-E7BB-49E2-91B7-0A1F7480B288/HelloCordova.app/www/index.html
2014-12-17 19:15:06.371 HelloCordova[3556:236938] DiskCookieStorage changing policy from 2 to 0, cookie file: file:///Users/matsushitasei/Library/Developer/CoreSimulator/Devices/0E214749-5C93-4AC4-B1F2-199CB040AA3E/data/Containers/Data/Application/1B5FC23D-1A87-4B3C-A653-360D832E8BC1/Library/Cookies/Cookies.binarycookies
2014-12-17 19:15:06.502 HelloCordova[3556:236938] Apache Cordova native platform version 3.7.0 is starting.
2014-12-17 19:15:06.502 HelloCordova[3556:236938] Multi-tasking -> Device: YES, App: YES
2014-12-17 19:15:06.504 HelloCordova[3556:236938] Unlimited access to network resources
2014-12-17 19:15:06.507 HelloCordova[3556:236938] 

Started backup to iCloud! Please be careful.
Your application might be rejected by Apple if you store too much data.
For more information please read "iOS Data Storage Guidelines" at:
https://developer.apple.com/icloud/documentation/data-storage/
To disable web storage backup to iCloud, set the BackupWebStorage preference to "local" in the Cordova config.xml file

2014-12-17 19:15:06.784 HelloCordova[3556:236938] Resetting plugins due to page load.
2014-12-17 19:15:06.959 HelloCordova[3556:236938] Finished load of: file:///Users/matsushitasei/Library/Developer/CoreSimulator/Devices/0E214749-5C93-4AC4-B1F2-199CB040AA3E/data/Containers/Bundle/Application/1BB84313-3DB3-4BDB-8FB7-61132DE22F04/HelloCordova.app/www/index.html
2014-12-17 19:16:00.871 HelloCordova[3711:237665] DiskCookieStorage changing policy from 2 to 0, cookie file: file:///Users/matsushitasei/Library/Developer/CoreSimulator/Devices/0E214749-5C93-4AC4-B1F2-199CB040AA3E/data/Containers/Data/Application/5F6A9570-D0ED-48D2-B4A6-948A9E5F3AD3/Library/Cookies/Cookies.binarycookies
2014-12-17 19:16:00.992 HelloCordova[3711:237665] Apache Cordova native platform version 3.7.0 is starting.
2014-12-17 19:16:00.993 HelloCordova[3711:237665] Multi-tasking -> Device: YES, App: YES
2014-12-17 19:16:00.994 HelloCordova[3711:237665] Unlimited access to network resources
2014-12-17 19:16:00.998 HelloCordova[3711:237665] 

Started backup to iCloud! Please be careful.
Your application might be rejected by Apple if you store too much data.
For more information please read "iOS Data Storage Guidelines" at:
https://developer.apple.com/icloud/documentation/data-storage/
To disable web storage backup to iCloud, set the BackupWebStorage preference to "local" in the Cordova config.xml file

2014-12-17 19:16:01.485 HelloCordova[3711:237665] Resetting plugins due to page load.
2014-12-17 19:16:02.282 HelloCordova[3711:237665] Finished load of: file:///Users/matsushitasei/Library/Developer/CoreSimulator/Devices/0E214749-5C93-4AC4-B1F2-199CB040AA3E/data/Containers/Bundle/Application/491EE51F-815E-490B-9444-7ACDFBA3EF77/HelloCordova.app/www/index.html
2014-12-17 19:21:27.523 HelloCordova[3878:240577] DiskCookieStorage changing policy from 2 to 0, cookie file: file:///Users/matsushitasei/Library/Developer/CoreSimulator/Devices/0E214749-5C93-4AC4-B1F2-199CB040AA3E/data/Containers/Data/Application/0950EA40-D366-4F51-BF46-D0758AA00F4C/Library/Cookies/Cookies.binarycookies
2014-12-17 19:21:27.652 HelloCordova[3878:240577] Apache Cordova native platform version 3.7.0 is starting.
2014-12-17 19:21:27.653 HelloCordova[3878:240577] Multi-tasking -> Device: YES, App: YES
2014-12-17 19:21:27.654 HelloCordova[3878:240577] Unlimited access to network resources
2014-12-17 19:21:27.658 HelloCordova[3878:240577] 

Started backup to iCloud! Please be careful.
Your application might be rejected by Apple if you store too much data.
For more information please read "iOS Data Storage Guidelines" at:
https://developer.apple.com/icloud/documentation/data-storage/
To disable web storage backup to iCloud, set the BackupWebStorage preference to "local" in the Cordova config.xml file

2014-12-17 19:21:27.957 HelloCordova[3878:240577] Resetting plugins due to page load.
2014-12-17 19:21:28.262 HelloCordova[3878:240577] Finished load of: file:///Users/matsushitasei/Library/Developer/CoreSimulator/Devices/0E214749-5C93-4AC4-B1F2-199CB040AA3E/data/Containers/Bundle/Application/B51C8D6B-DAD6-4C40-8A71-AC62846D4919/HelloCordova.app/www/index.html
